<?xml version="1.0" encoding="UTF-8"?>
<testsuite name="com.IvanovPA.thirdProjectDTO.ThirdProjectDtoApplicationTests" tests="1" skipped="0" failures="0" errors="0" timestamp="2023-05-10T08:47:12" hostname="DESKTOP-MBB8VLL" time="1.517">
  <properties/>
  <testcase name="contextLoads()" classname="com.IvanovPA.thirdProjectDTO.ThirdProjectDtoApplicationTests" time="1.517"/>
  <system-out><![CDATA[14:46:59.580 [Test worker] DEBUG org.springframework.boot.test.context.SpringBootTestContextBootstrapper -- Neither @ContextConfiguration nor @ContextHierarchy found for test class [ThirdProjectDtoApplicationTests]: using SpringBootContextLoader
14:46:59.597 [Test worker] DEBUG org.springframework.test.context.support.AbstractContextLoader -- Could not detect default resource locations for test class [com.IvanovPA.thirdProjectDTO.ThirdProjectDtoApplicationTests]: no resource found for suffixes {-context.xml, Context.groovy}.
14:46:59.603 [Test worker] INFO org.springframework.test.context.support.AnnotationConfigContextLoaderUtils -- Could not detect default configuration classes for test class [com.IvanovPA.thirdProjectDTO.ThirdProjectDtoApplicationTests]: ThirdProjectDtoApplicationTests does not declare any static, non-private, non-final, nested classes annotated with @Configuration.
14:46:59.721 [Test worker] DEBUG org.springframework.boot.test.context.SpringBootTestContextBootstrapper -- Using ContextCustomizers for test class [ThirdProjectDtoApplicationTests]: [DisableObservabilityContextCustomizer, PropertyMappingContextCustomizer, Customizer, ExcludeFilterContextCustomizer, DuplicateJsonObjectContextCustomizer, MockitoContextCustomizer, TestRestTemplateContextCustomizer]
14:46:59.938 [Test worker] DEBUG org.springframework.context.annotation.ClassPathScanningCandidateComponentProvider -- Identified candidate component class: file [C:\Users\Admin\OneDrive\Рабочий стол\RestAPI projects\thirdProjectDTO\build\classes\java\main\com\IvanovPA\thirdProjectDTO\ThirdProjectDtoApplication.class]
14:46:59.942 [Test worker] INFO org.springframework.boot.test.context.SpringBootTestContextBootstrapper -- Found @SpringBootConfiguration com.IvanovPA.thirdProjectDTO.ThirdProjectDtoApplication for test class com.IvanovPA.thirdProjectDTO.ThirdProjectDtoApplicationTests
14:47:00.273 [Test worker] DEBUG org.springframework.boot.test.context.SpringBootTestContextBootstrapper -- Using TestExecutionListeners for test class [ThirdProjectDtoApplicationTests]: [ServletTestExecutionListener, DirtiesContextBeforeModesTestExecutionListener, ApplicationEventsTestExecutionListener, MockitoTestExecutionListener, DependencyInjectionTestExecutionListener, DirtiesContextTestExecutionListener, TransactionalTestExecutionListener, SqlScriptsTestExecutionListener, EventPublishingTestExecutionListener, RestDocsTestExecutionListener, MockRestServiceServerResetTestExecutionListener, MockMvcPrintOnlyOnFailureTestExecutionListener, WebDriverTestExecutionListener, MockWebServiceServerTestExecutionListener, ResetMocksTestExecutionListener]
14:47:00.277 [Test worker] DEBUG org.springframework.test.context.support.AbstractDirtiesContextTestExecutionListener -- Before test class: class [ThirdProjectDtoApplicationTests], class annotated with @DirtiesContext [false] with mode [null]

  .   ____          _            __ _ _
 /\\ / ___'_ __ _ _(_)_ __  __ _ \ \ \ \
( ( )\___ | '_ | '_| | '_ \/ _` | \ \ \ \
 \\/  ___)| |_)| | | | | || (_| |  ) ) ) )
  '  |____| .__|_| |_|_| |_\__, | / / / /
 =========|_|==============|___/=/_/_/_/
 :: Spring Boot ::                (v3.0.6)

2023-05-10T14:47:01.426+06:00  INFO 10168 --- [    Test worker] c.I.t.ThirdProjectDtoApplicationTests    : Starting ThirdProjectDtoApplicationTests using Java 19.0.2 with PID 10168 (started by Admin in C:\Users\Admin\OneDrive\Рабочий стол\RestAPI projects\thirdProjectDTO)
2023-05-10T14:47:01.435+06:00  INFO 10168 --- [    Test worker] c.I.t.ThirdProjectDtoApplicationTests    : No active profile set, falling back to 1 default profile: "default"
2023-05-10T14:47:03.632+06:00  INFO 10168 --- [    Test worker] .s.d.r.c.RepositoryConfigurationDelegate : Bootstrapping Spring Data JPA repositories in DEFAULT mode.
2023-05-10T14:47:03.723+06:00  INFO 10168 --- [    Test worker] .s.d.r.c.RepositoryConfigurationDelegate : Finished Spring Data repository scanning in 39 ms. Found 0 JPA repository interfaces.
2023-05-10T14:47:04.996+06:00  INFO 10168 --- [    Test worker] o.hibernate.jpa.internal.util.LogHelper  : HHH000204: Processing PersistenceUnitInfo [name: default]
2023-05-10T14:47:05.219+06:00  INFO 10168 --- [    Test worker] org.hibernate.Version                    : HHH000412: Hibernate ORM core version 6.1.7.Final
2023-05-10T14:47:06.118+06:00  INFO 10168 --- [    Test worker] com.zaxxer.hikari.HikariDataSource       : HikariPool-1 - Starting...
2023-05-10T14:47:07.020+06:00  INFO 10168 --- [    Test worker] com.zaxxer.hikari.pool.HikariPool        : HikariPool-1 - Added connection org.postgresql.jdbc.PgConnection@7b3cbe6e
2023-05-10T14:47:07.025+06:00  INFO 10168 --- [    Test worker] com.zaxxer.hikari.HikariDataSource       : HikariPool-1 - Start completed.
2023-05-10T14:47:07.163+06:00  INFO 10168 --- [    Test worker] SQL dialect                              : HHH000400: Using dialect: org.hibernate.dialect.PostgreSQLDialect
2023-05-10T14:47:08.901+06:00  INFO 10168 --- [    Test worker] o.h.e.t.j.p.i.JtaPlatformInitiator       : HHH000490: Using JtaPlatform implementation: [org.hibernate.engine.transaction.jta.platform.internal.NoJtaPlatform]
2023-05-10T14:47:08.949+06:00  INFO 10168 --- [    Test worker] j.LocalContainerEntityManagerFactoryBean : Initialized JPA EntityManagerFactory for persistence unit 'default'
2023-05-10T14:47:09.691+06:00  WARN 10168 --- [    Test worker] JpaBaseConfiguration$JpaWebConfiguration : spring.jpa.open-in-view is enabled by default. Therefore, database queries may be performed during view rendering. Explicitly configure spring.jpa.open-in-view to disable this warning
2023-05-10T14:47:12.113+06:00  INFO 10168 --- [    Test worker] c.I.t.ThirdProjectDtoApplicationTests    : Started ThirdProjectDtoApplicationTests in 11.703 seconds (process running for 14.814)
]]></system-out>
  <system-err><![CDATA[]]></system-err>
</testsuite>
